Copyright 1986-2022 Xilinx, Inc. All Rights Reserved. Copyright 2022-2023 Advanced Micro Devices, Inc. All Rights Reserved.
---------------------------------------------------------------------------------------------------------------------------------------------
| Tool Version : Vivado v.2023.1 (win64) Build 3865809 Sun May  7 15:05:29 MDT 2023
| Date         : Tue Sep 10 21:37:35 2024
| Host         : vivobook running 64-bit major release  (build 9200)
| Command      : report_control_sets -verbose -file lan_control_sets_placed.rpt
| Design       : lan
| Device       : xc7z020
---------------------------------------------------------------------------------------------------------------------------------------------

Control Set Information

Table of Contents
-----------------
1. Summary
2. Histogram
3. Flip-Flop Distribution
4. Detailed Control Set Information

1. Summary
----------

+----------------------------------------------------------+-------+
|                          Status                          | Count |
+----------------------------------------------------------+-------+
| Total control sets                                       |    45 |
|    Minimum number of control sets                        |    45 |
|    Addition due to synthesis replication                 |     0 |
|    Addition due to physical synthesis replication        |     0 |
| Unused register locations in slices containing registers |   125 |
+----------------------------------------------------------+-------+
* Control sets can be merged at opt_design using control_set_merge or merge_equivalent_drivers
** Run report_qor_suggestions for automated merging and remapping suggestions


2. Histogram
------------

+--------------------+-------+
|       Fanout       | Count |
+--------------------+-------+
| Total control sets |    45 |
| >= 0 to < 4        |     2 |
| >= 4 to < 6        |    12 |
| >= 6 to < 8        |     2 |
| >= 8 to < 10       |     3 |
| >= 10 to < 12      |     2 |
| >= 12 to < 14      |     5 |
| >= 14 to < 16      |     2 |
| >= 16              |    17 |
+--------------------+-------+
* Control sets can be remapped at either synth_design or opt_design


3. Flip-Flop Distribution
-------------------------

+--------------+-----------------------+------------------------+-----------------+--------------+
| Clock Enable | Synchronous Set/Reset | Asynchronous Set/Reset | Total Registers | Total Slices |
+--------------+-----------------------+------------------------+-----------------+--------------+
| No           | No                    | No                     |             171 |           56 |
| No           | No                    | Yes                    |              46 |           16 |
| No           | Yes                   | No                     |              81 |           24 |
| Yes          | No                    | No                     |             442 |          103 |
| Yes          | No                    | Yes                    |              55 |           22 |
| Yes          | Yes                   | No                     |              64 |           20 |
+--------------+-----------------------+------------------------+-----------------+--------------+


4. Detailed Control Set Information
-----------------------------------

+------------------------------------------------+---------------------------------------------------------------------------------------------------------------------------------------------------------------+------------------------------------------------------------------------------------------------------------------------------------------------------+------------------+----------------+--------------+
|                  Clock Signal                  |                                                                         Enable Signal                                                                         |                                                                   Set/Reset Signal                                                                   | Slice Load Count | Bel Load Count | Bels / Slice |
+------------------------------------------------+---------------------------------------------------------------------------------------------------------------------------------------------------------------+------------------------------------------------------------------------------------------------------------------------------------------------------+------------------+----------------+--------------+
|  bd_base_i/processing_system7_0/inst/FCLK_CLK0 | bd_base_i/ps7_0_axi_periph/s00_couplers/auto_pc/inst/gen_axilite.gen_b2s_conv.axilite_b2s/WR.aw_channel_0/aw_cmd_fsm_0/FSM_sequential_state_reg[0]_1          | bd_base_i/ps7_0_axi_periph/s00_couplers/auto_pc/inst/gen_axilite.gen_b2s_conv.axilite_b2s/WR.aw_channel_0/aw_cmd_fsm_0/FSM_sequential_state_reg[0]_0 |                1 |              1 |         1.00 |
|  bd_base_i/processing_system7_0/inst/FCLK_CLK0 | bd_base_i/ps7_0_axi_periph/s00_couplers/auto_pc/inst/gen_axilite.gen_b2s_conv.axilite_b2s/WR.b_channel_0/bid_fifo_0/sel                                       |                                                                                                                                                      |                1 |              2 |         2.00 |
|  bd_base_i/processing_system7_0/inst/FCLK_CLK0 |                                                                                                                                                               | bd_base_i/led/U0/AXI_LITE_IPIF_I/I_SLAVE_ATTACHMENT/clear                                                                                            |                1 |              4 |         4.00 |
|  bd_base_i/processing_system7_0/inst/FCLK_CLK0 | bd_base_i/led/U0/AXI_LITE_IPIF_I/I_SLAVE_ATTACHMENT/start2                                                                                                    | bd_base_i/led/U0/AXI_LITE_IPIF_I/I_SLAVE_ATTACHMENT/I_DECODER/cs_ce_clr                                                                              |                1 |              4 |         4.00 |
|  bd_base_i/processing_system7_0/inst/FCLK_CLK0 |                                                                                                                                                               | bd_base_i/key/U0/AXI_LITE_IPIF_I/I_SLAVE_ATTACHMENT/clear                                                                                            |                1 |              4 |         4.00 |
|  bd_base_i/processing_system7_0/inst/FCLK_CLK0 | bd_base_i/key/U0/AXI_LITE_IPIF_I/I_SLAVE_ATTACHMENT/bus2ip_addr_i[8]_i_1_n_0                                                                                  | bd_base_i/key/U0/AXI_LITE_IPIF_I/I_SLAVE_ATTACHMENT/SS[0]                                                                                            |                1 |              4 |         4.00 |
|  bd_base_i/processing_system7_0/inst/FCLK_CLK0 |                                                                                                                                                               | bd_base_i/rst_ps7_0_50M/U0/EXT_LPF/lpf_int                                                                                                           |                2 |              4 |         2.00 |
|  bd_base_i/processing_system7_0/inst/FCLK_CLK0 | bd_base_i/key/U0/AXI_LITE_IPIF_I/I_SLAVE_ATTACHMENT/start2                                                                                                    | bd_base_i/key/U0/AXI_LITE_IPIF_I/I_SLAVE_ATTACHMENT/I_DECODER/cs_ce_clr                                                                              |                1 |              4 |         4.00 |
|  bd_base_i/processing_system7_0/inst/FCLK_CLK0 |                                                                                                                                                               | bd_base_i/ps7_0_axi_periph/s00_couplers/auto_pc/inst/gen_axilite.gen_b2s_conv.axilite_b2s/SI_REG/ar.ar_pipe/aresetn_d_reg[1]_inv_0                   |                1 |              4 |         4.00 |
|  bd_base_i/processing_system7_0/inst/FCLK_CLK0 |                                                                                                                                                               | bd_base_i/ps7_0_axi_periph/s00_couplers/auto_pc/inst/gen_axilite.gen_b2s_conv.axilite_b2s/SI_REG/aw.aw_pipe/aresetn_d_reg[0]_0                       |                1 |              4 |         4.00 |
|  bd_base_i/processing_system7_0/inst/FCLK_CLK0 | bd_base_i/ps7_0_axi_periph/s00_couplers/auto_pc/inst/gen_axilite.gen_b2s_conv.axilite_b2s/RD.ar_channel_0/ar_cmd_fsm_0/m_axi_arready_2                        | bd_base_i/ps7_0_axi_periph/s00_couplers/auto_pc/inst/gen_axilite.gen_b2s_conv.axilite_b2s/RD.ar_channel_0/ar_cmd_fsm_0/FSM_sequential_state_reg[1]_0 |                2 |              4 |         2.00 |
|  bd_base_i/processing_system7_0/inst/FCLK_CLK0 | bd_base_i/led/U0/AXI_LITE_IPIF_I/I_SLAVE_ATTACHMENT/bus2ip_addr_i[8]_i_1_n_0                                                                                  | bd_base_i/led/U0/AXI_LITE_IPIF_I/I_SLAVE_ATTACHMENT/SS[0]                                                                                            |                1 |              4 |         4.00 |
|  bd_base_i/processing_system7_0/inst/FCLK_CLK0 | bd_base_i/ps7_0_axi_periph/s00_couplers/auto_pc/inst/gen_axilite.gen_b2s_conv.axilite_b2s/RD.r_channel_0/transaction_fifo_0/cnt_read[4]_i_1_n_0               | bd_base_i/ps7_0_axi_periph/s00_couplers/auto_pc/inst/gen_axilite.gen_b2s_conv.axilite_b2s/areset_d1                                                  |                1 |              5 |         5.00 |
|  bd_base_i/processing_system7_0/inst/FCLK_CLK0 | bd_base_i/ps7_0_axi_periph/s00_couplers/auto_pc/inst/gen_axilite.gen_b2s_conv.axilite_b2s/RD.r_channel_0/rd_data_fifo_0/cnt_read[4]_i_1__0_n_0                | bd_base_i/ps7_0_axi_periph/s00_couplers/auto_pc/inst/gen_axilite.gen_b2s_conv.axilite_b2s/areset_d1                                                  |                2 |              5 |         2.50 |
|  bd_base_i/processing_system7_0/inst/FCLK_CLK0 | bd_base_i/rst_ps7_0_50M/U0/SEQ/seq_cnt_en                                                                                                                     | bd_base_i/rst_ps7_0_50M/U0/SEQ/SEQ_COUNTER/clear                                                                                                     |                1 |              6 |         6.00 |
|  clk_eth_BUFG                                  | i_rgmii_tx_fifo/s_dat_tready                                                                                                                                  | i_rgmii_tx/i_eth_crc32/mmcme2_base_inst                                                                                                              |                2 |              6 |         3.00 |
|  bd_base_i/processing_system7_0/inst/FCLK_CLK0 | bd_base_i/ps7_0_axi_periph/s00_couplers/auto_pc/inst/gen_axilite.gen_b2s_conv.axilite_b2s/WR.b_channel_0/mhandshake_r                                         | bd_base_i/ps7_0_axi_periph/s00_couplers/auto_pc/inst/gen_axilite.gen_b2s_conv.axilite_b2s/WR.b_channel_0/bid_fifo_0/SR[0]                            |                3 |              8 |         2.67 |
|  clk_eth_BUFG                                  | i_rgmii_tx/oTxData[7]_i_1_n_0                                                                                                                                 | i_rgmii_tx/i_eth_crc32/mmcme2_base_inst                                                                                                              |                5 |              8 |         1.60 |
|  clk_eth_BUFG                                  | i_rgmii_tx_fifo/m_txdata[7]_i_1_n_0                                                                                                                           | i_rgmii_tx/i_eth_crc32/mmcme2_base_inst                                                                                                              |                3 |              9 |         3.00 |
|  bd_base_i/processing_system7_0/inst/FCLK_CLK0 |                                                                                                                                                               | bd_base_i/ps7_0_axi_periph/s00_couplers/auto_pc/inst/gen_axilite.gen_b2s_conv.axilite_b2s/areset_d1                                                  |                3 |             10 |         3.33 |
|  bd_base_i/processing_system7_0/inst/FCLK_CLK0 |                                                                                                                                                               | bd_base_i/ps7_0_axi_periph/xbar/inst/gen_sasd.crossbar_sasd_0/addr_arbiter_inst/SR[0]                                                                |                3 |             11 |         3.67 |
|  bd_base_i/processing_system7_0/inst/FCLK_CLK0 | bd_base_i/ps7_0_axi_periph/s00_couplers/auto_pc/inst/gen_axilite.gen_b2s_conv.axilite_b2s/WR.aw_channel_0/cmd_translator_0/incr_cmd_0/axaddr_incr[11]_i_1_n_0 |                                                                                                                                                      |                3 |             12 |         4.00 |
|  bd_base_i/processing_system7_0/inst/FCLK_CLK0 | bd_base_i/ps7_0_axi_periph/s00_couplers/auto_pc/inst/gen_axilite.gen_b2s_conv.axilite_b2s/RD.ar_channel_0/ar_cmd_fsm_0/E[0]                                   |                                                                                                                                                      |                4 |             12 |         3.00 |
|  bd_base_i/processing_system7_0/inst/FCLK_CLK0 | bd_base_i/ps7_0_axi_periph/s00_couplers/auto_pc/inst/gen_axilite.gen_b2s_conv.axilite_b2s/RD.ar_channel_0/ar_cmd_fsm_0/sel_first_reg[0]                       |                                                                                                                                                      |                3 |             12 |         4.00 |
|  bd_base_i/processing_system7_0/inst/FCLK_CLK0 | bd_base_i/ps7_0_axi_periph/s00_couplers/auto_pc/inst/gen_axilite.gen_b2s_conv.axilite_b2s/WR.aw_channel_0/aw_cmd_fsm_0/m_valid_i_reg[0]                       |                                                                                                                                                      |                6 |             12 |         2.00 |
|  bd_base_i/processing_system7_0/inst/FCLK_CLK0 | bd_base_i/ps7_0_axi_periph/s00_couplers/auto_pc/inst/gen_axilite.gen_b2s_conv.axilite_b2s/RD.r_channel_0/r_push_r                                             |                                                                                                                                                      |                4 |             13 |         3.25 |
|  bd_base_i/processing_system7_0/inst/FCLK_CLK0 | bd_base_i/ps7_0_axi_periph/s00_couplers/auto_pc/inst/gen_axilite.gen_b2s_conv.axilite_b2s/SI_REG/b.b_pipe/s_ready_i_reg_0                                     |                                                                                                                                                      |                2 |             14 |         7.00 |
|  bd_base_i/processing_system7_0/inst/FCLK_CLK0 | bd_base_i/ps7_0_axi_periph/s00_couplers/auto_pc/inst/gen_axilite.gen_b2s_conv.axilite_b2s/SI_REG/b.b_pipe/p_1_in                                              |                                                                                                                                                      |                2 |             14 |         7.00 |
|  bd_base_i/processing_system7_0/inst/FCLK_CLK0 | bd_base_i/ps7_0_axi_periph/s00_couplers/auto_pc/inst/gen_axilite.gen_b2s_conv.axilite_b2s/WR.aw_channel_0/aw_cmd_fsm_0/m_axi_awready_0                        |                                                                                                                                                      |                3 |             16 |         5.33 |
|  bd_base_i/processing_system7_0/inst/FCLK_CLK0 | bd_base_i/ps7_0_axi_periph/xbar/inst/gen_sasd.crossbar_sasd_0/addr_arbiter_inst/p_0_in1_in                                                                    | bd_base_i/ps7_0_axi_periph/xbar/inst/gen_sasd.crossbar_sasd_0/addr_arbiter_inst/SR[0]                                                                |                6 |             19 |         3.17 |
|  bd_base_i/processing_system7_0/inst/FCLK_CLK0 |                                                                                                                                                               | bd_base_i/led/U0/AXI_LITE_IPIF_I/I_SLAVE_ATTACHMENT/SS[0]                                                                                            |                6 |             20 |         3.33 |
|  bd_base_i/processing_system7_0/inst/FCLK_CLK0 |                                                                                                                                                               | bd_base_i/key/U0/AXI_LITE_IPIF_I/I_SLAVE_ATTACHMENT/SS[0]                                                                                            |                6 |             20 |         3.33 |
|  bd_base_i/processing_system7_0/inst/FCLK_CLK0 | bd_base_i/ps7_0_axi_periph/s00_couplers/auto_pc/inst/gen_axilite.gen_b2s_conv.axilite_b2s/RD.ar_channel_0/ar_cmd_fsm_0/m_axi_arready_2                        |                                                                                                                                                      |                8 |             21 |         2.62 |
|  bd_base_i/processing_system7_0/inst/FCLK_CLK0 | bd_base_i/ps7_0_axi_periph/s00_couplers/auto_pc/inst/gen_axilite.gen_b2s_conv.axilite_b2s/WR.aw_channel_0/aw_cmd_fsm_0/FSM_sequential_state_reg[0]_1          |                                                                                                                                                      |               10 |             24 |         2.40 |
|  clk_eth_BUFG                                  | i_rgmii_tx/i_eth_crc32/crc[31]_i_1_n_0                                                                                                                        | i_rgmii_tx/i_eth_crc32/mmcme2_base_inst                                                                                                              |               12 |             32 |         2.67 |
|  bd_base_i/processing_system7_0/inst/FCLK_CLK0 | bd_base_i/ps7_0_axi_periph/s00_couplers/auto_pc/inst/gen_axilite.gen_b2s_conv.axilite_b2s/RD.r_channel_0/rd_data_fifo_0/wr_en0                                |                                                                                                                                                      |                9 |             34 |         3.78 |
|  bd_base_i/processing_system7_0/inst/FCLK_CLK0 | bd_base_i/ps7_0_axi_periph/xbar/inst/gen_sasd.crossbar_sasd_0/addr_arbiter_inst/E[0]                                                                          |                                                                                                                                                      |               11 |             35 |         3.18 |
|  clk_eth_BUFG                                  |                                                                                                                                                               | i_rgmii_tx/i_eth_crc32/mmcme2_base_inst                                                                                                              |               16 |             46 |         2.88 |
|  bd_base_i/processing_system7_0/inst/FCLK_CLK0 | bd_base_i/ps7_0_axi_periph/s00_couplers/auto_pc/inst/gen_axilite.gen_b2s_conv.axilite_b2s/SI_REG/r.r_pipe/p_1_in                                              |                                                                                                                                                      |                8 |             47 |         5.88 |
|  bd_base_i/processing_system7_0/inst/FCLK_CLK0 | bd_base_i/ps7_0_axi_periph/s00_couplers/auto_pc/inst/gen_axilite.gen_b2s_conv.axilite_b2s/SI_REG/r.r_pipe/s_ready_i_reg_0                                     |                                                                                                                                                      |                8 |             47 |         5.88 |
|  bd_base_i/processing_system7_0/inst/FCLK_CLK0 | bd_base_i/ps7_0_axi_periph/s00_couplers/auto_pc/inst/gen_axilite.gen_b2s_conv.axilite_b2s/RD.ar_channel_0/ar_cmd_fsm_0/m_valid_i_reg[0]                       |                                                                                                                                                      |                9 |             48 |         5.33 |
|  bd_base_i/processing_system7_0/inst/FCLK_CLK0 | bd_base_i/ps7_0_axi_periph/s00_couplers/auto_pc/inst/gen_axilite.gen_b2s_conv.axilite_b2s/WR.aw_channel_0/aw_cmd_fsm_0/E[0]                                   |                                                                                                                                                      |                8 |             48 |         6.00 |
|  bd_base_i/processing_system7_0/inst/FCLK_CLK0 | bd_base_i/ps7_0_axi_periph/s00_couplers/auto_pc/inst/gen_axilite.gen_b2s_conv.axilite_b2s/SI_REG/aw.aw_pipe/s_ready_i_reg_0                                   |                                                                                                                                                      |               10 |             48 |         4.80 |
|  bd_base_i/processing_system7_0/inst/FCLK_CLK0 | bd_base_i/ps7_0_axi_periph/s00_couplers/auto_pc/inst/gen_axilite.gen_b2s_conv.axilite_b2s/SI_REG/ar.ar_pipe/s_ready_i_reg_0                                   |                                                                                                                                                      |               11 |             48 |         4.36 |
|  bd_base_i/processing_system7_0/inst/FCLK_CLK0 |                                                                                                                                                               |                                                                                                                                                      |               57 |            172 |         3.02 |
+------------------------------------------------+---------------------------------------------------------------------------------------------------------------------------------------------------------------+------------------------------------------------------------------------------------------------------------------------------------------------------+------------------+----------------+--------------+


